[1412645.182]  -> wl_display@1.get_registry(new id wl_registry@2)
[1412645.192]  -> wl_display@1.sync(new id wl_callback@3)
[1412647.331] wl_display@1.delete_id(3)
[1412647.338] wl_registry@2.global(1, "wl_shm", 1)
[1412647.341] wl_registry@2.global(2, "wl_drm", 2)
[1412647.343] wl_registry@2.global(3, "zwp_linux_dmabuf_v1", 4)
[1412647.345] wl_registry@2.global(4, "zwlr_gamma_control_manager_v1", 1)
[1412647.347] wl_registry@2.global(5, "zxdg_output_manager_v1", 3)
[1412647.351] wl_registry@2.global(6, "zwlr_output_manager_v1", 4)
[1412647.354]  -> wl_registry@2.bind(6, "zwlr_output_manager_v1", 4, new id [unknown]@4)
[1412647.356] wl_registry@2.global(7, "wl_compositor", 5)
[1412647.359] wl_registry@2.global(8, "wl_subcompositor", 1)
[1412647.360] wl_registry@2.global(9, "wl_data_device_manager", 3)
[1412647.362] wl_registry@2.global(10, "zwp_primary_selection_device_manager_v1", 1)
[1412647.364] wl_registry@2.global(11, "wl_seat", 8)
[1412647.366] wl_registry@2.global(12, "zwlr_virtual_pointer_manager_v1", 2)
[1412647.368] wl_registry@2.global(13, "zwp_virtual_keyboard_manager_v1", 1)
[1412647.370] wl_registry@2.global(14, "zwp_pointer_gestures_v1", 3)
[1412647.372] wl_registry@2.global(15, "wp_cursor_shape_manager_v1", 1)
[1412647.374] wl_registry@2.global(16, "xdg_wm_base", 2)
[1412647.376] wl_registry@2.global(17, "xdg_activation_v1", 1)
[1412647.378] wl_registry@2.global(18, "org_kde_kwin_server_decoration_manager", 1)
[1412647.380] wl_registry@2.global(19, "zxdg_decoration_manager_v1", 1)
[1412647.382] wl_registry@2.global(20, "wp_presentation", 1)
[1412647.384] wl_registry@2.global(21, "zwlr_export_dmabuf_manager_v1", 1)
[1412647.386] wl_registry@2.global(22, "zwlr_screencopy_manager_v1", 3)
[1412647.388] wl_registry@2.global(23, "zwlr_data_control_manager_v1", 2)
[1412647.390] wl_registry@2.global(24, "wp_viewporter", 1)
[1412647.392] wl_registry@2.global(25, "wp_single_pixel_buffer_manager_v1", 1)
[1412647.394] wl_registry@2.global(26, "wp_fractional_scale_manager_v1", 1)
[1412647.395] wl_registry@2.global(27, "ext_idle_notifier_v1", 1)
[1412647.397] wl_registry@2.global(28, "zwp_idle_inhibit_manager_v1", 1)
[1412647.399] wl_registry@2.global(29, "zwp_relative_pointer_manager_v1", 1)
[1412647.401] wl_registry@2.global(30, "zwp_pointer_constraints_v1", 1)
[1412647.403] wl_registry@2.global(31, "zwlr_input_inhibit_manager_v1", 1)
[1412647.405] wl_registry@2.global(32, "zwlr_foreign_toplevel_manager_v1", 3)
[1412647.407] wl_registry@2.global(33, "ext_session_lock_manager_v1", 1)
[1412647.409] wl_registry@2.global(34, "wp_drm_lease_device_v1", 1)
[1412647.411] wl_registry@2.global(35, "zwlr_output_power_manager_v1", 1)
[1412647.412] wl_registry@2.global(36, "zwlr_layer_shell_v1", 4)
[1412647.414] wl_registry@2.global(37, "xwayland_shell_v1", 1)
[1412647.417] wl_registry@2.global(41, "wl_output", 4)
[1412647.418] wl_registry@2.global(44, "wl_output", 4)
[1412647.420] wl_callback@3.done(14236)
[1412647.555] zwlr_output_manager_v1@4.head(new id zwlr_output_head_v1@4278190080)
[1412647.559] zwlr_output_head_v1@4278190080.name("DP-2")
[1412647.562] zwlr_output_head_v1@4278190080.description("Samsung Electric Company U28E590 HTPJ807275 (DP-2)")
[1412647.563] zwlr_output_head_v1@4278190080.physical_size(610, 350)
[1412647.566] zwlr_output_head_v1@4278190080.make("Samsung Electric Company")
[1412647.568] zwlr_output_head_v1@4278190080.model("U28E590")
[1412647.570] zwlr_output_head_v1@4278190080.serial_number("HTPJ807275")
[1412647.571] zwlr_output_head_v1@4278190080.mode(new id zwlr_output_mode_v1@4278190081)
[1412647.573] zwlr_output_mode_v1@4278190081.size(3840, 2160)
[1412647.575] zwlr_output_mode_v1@4278190081.refresh(59997)
[1412647.578] zwlr_output_mode_v1@4278190081.preferred()
[1412647.580] zwlr_output_head_v1@4278190080.mode(new id zwlr_output_mode_v1@4278190082)
[1412647.584] zwlr_output_mode_v1@4278190082.size(3840, 2160)
[1412647.587] zwlr_output_mode_v1@4278190082.refresh(60024)
[1412647.590] zwlr_output_head_v1@4278190080.mode(new id zwlr_output_mode_v1@4278190083)
[1412647.593] zwlr_output_mode_v1@4278190083.size(3840, 2160)
[1412647.596] zwlr_output_mode_v1@4278190083.refresh(50005)
[1412647.599] zwlr_output_head_v1@4278190080.mode(new id zwlr_output_mode_v1@4278190084)
[1412647.602] zwlr_output_mode_v1@4278190084.size(3840, 2160)
[1412647.605] zwlr_output_mode_v1@4278190084.refresh(48006)
[1412647.608] zwlr_output_head_v1@4278190080.mode(new id zwlr_output_mode_v1@4278190085)
[1412647.611] zwlr_output_mode_v1@4278190085.size(2560, 1440)
[1412647.614] zwlr_output_mode_v1@4278190085.refresh(59951)
[1412647.617] zwlr_output_head_v1@4278190080.mode(new id zwlr_output_mode_v1@4278190086)
[1412647.620] zwlr_output_mode_v1@4278190086.size(1920, 1200)
[1412647.623] zwlr_output_mode_v1@4278190086.refresh(59997)
[1412647.625] zwlr_output_head_v1@4278190080.mode(new id zwlr_output_mode_v1@4278190087)
[1412647.628] zwlr_output_mode_v1@4278190087.size(1920, 1080)
[1412647.631] zwlr_output_mode_v1@4278190087.refresh(60000)
[1412647.634] zwlr_output_head_v1@4278190080.mode(new id zwlr_output_mode_v1@4278190088)
[1412647.637] zwlr_output_mode_v1@4278190088.size(1920, 1080)
[1412647.640] zwlr_output_mode_v1@4278190088.refresh(60000)
[1412647.643] zwlr_output_head_v1@4278190080.mode(new id zwlr_output_mode_v1@4278190089)
[1412647.645] zwlr_output_mode_v1@4278190089.size(1920, 1080)
[1412647.648] zwlr_output_mode_v1@4278190089.refresh(59940)
[1412647.651] zwlr_output_head_v1@4278190080.mode(new id zwlr_output_mode_v1@4278190090)
[1412647.654] zwlr_output_mode_v1@4278190090.size(1600, 1200)
[1412647.657] zwlr_output_mode_v1@4278190090.refresh(59997)
[1412647.660] zwlr_output_head_v1@4278190080.mode(new id zwlr_output_mode_v1@4278190091)
[1412647.663] zwlr_output_mode_v1@4278190091.size(1680, 1050)
[1412647.665] zwlr_output_mode_v1@4278190091.refresh(59954)
[1412647.667] zwlr_output_head_v1@4278190080.mode(new id zwlr_output_mode_v1@4278190092)
[1412647.668] zwlr_output_mode_v1@4278190092.size(1600, 900)
[1412647.670] zwlr_output_mode_v1@4278190092.refresh(60000)
[1412647.672] zwlr_output_head_v1@4278190080.mode(new id zwlr_output_mode_v1@4278190093)
[1412647.674] zwlr_output_mode_v1@4278190093.size(1280, 1024)
[1412647.675] zwlr_output_mode_v1@4278190093.refresh(60020)
[1412647.677] zwlr_output_head_v1@4278190080.mode(new id zwlr_output_mode_v1@4278190094)
[1412647.679] zwlr_output_mode_v1@4278190094.size(1440, 900)
[1412647.681] zwlr_output_mode_v1@4278190094.refresh(59887)
[1412647.683] zwlr_output_head_v1@4278190080.mode(new id zwlr_output_mode_v1@4278190095)
[1412647.684] zwlr_output_mode_v1@4278190095.size(1280, 800)
[1412647.686] zwlr_output_mode_v1@4278190095.refresh(59810)
[1412647.688] zwlr_output_head_v1@4278190080.mode(new id zwlr_output_mode_v1@4278190096)
[1412647.690] zwlr_output_mode_v1@4278190096.size(1280, 720)
[1412647.692] zwlr_output_mode_v1@4278190096.refresh(60000)
[1412647.693] zwlr_output_head_v1@4278190080.mode(new id zwlr_output_mode_v1@4278190097)
[1412647.695] zwlr_output_mode_v1@4278190097.size(1280, 720)
[1412647.697] zwlr_output_mode_v1@4278190097.refresh(59940)
[1412647.698] zwlr_output_head_v1@4278190080.mode(new id zwlr_output_mode_v1@4278190098)
[1412647.700] zwlr_output_mode_v1@4278190098.size(1024, 768)
[1412647.702] zwlr_output_mode_v1@4278190098.refresh(60004)
[1412647.704] zwlr_output_head_v1@4278190080.mode(new id zwlr_output_mode_v1@4278190099)
[1412647.706] zwlr_output_mode_v1@4278190099.size(800, 600)
[1412647.707] zwlr_output_mode_v1@4278190099.refresh(60317)
[1412647.709] zwlr_output_head_v1@4278190080.mode(new id zwlr_output_mode_v1@4278190100)
[1412647.711] zwlr_output_mode_v1@4278190100.size(800, 600)
[1412647.713] zwlr_output_mode_v1@4278190100.refresh(56250)
[1412647.714] zwlr_output_head_v1@4278190080.mode(new id zwlr_output_mode_v1@4278190101)
[1412647.716] zwlr_output_mode_v1@4278190101.size(640, 480)
[1412647.718] zwlr_output_mode_v1@4278190101.refresh(60000)
[1412647.720] zwlr_output_head_v1@4278190080.mode(new id zwlr_output_mode_v1@4278190102)
[1412647.722] zwlr_output_mode_v1@4278190102.size(640, 480)
[1412647.723] zwlr_output_mode_v1@4278190102.refresh(59940)
[1412647.725] zwlr_output_head_v1@4278190080.enabled(1)
[1412647.727] zwlr_output_head_v1@4278190080.current_mode(zwlr_output_mode_v1@4278190081)
[1412647.729] zwlr_output_head_v1@4278190080.position(2560, 0)
[1412647.731] zwlr_output_head_v1@4278190080.transform(0)
[1412647.732] zwlr_output_head_v1@4278190080.scale(1.50000000)
[1412647.734] zwlr_output_head_v1@4278190080.adaptive_sync(0)
[1412647.736] zwlr_output_manager_v1@4.head(new id zwlr_output_head_v1@4278190103)
[1412647.738] zwlr_output_head_v1@4278190103.name("DP-1")
[1412647.740] zwlr_output_head_v1@4278190103.description("Samsung Electric Company U28E570 HTPK901309 (DP-1)")
[1412647.745] zwlr_output_head_v1@4278190103.physical_size(610, 350)
[1412647.747] zwlr_output_head_v1@4278190103.make("Samsung Electric Company")
[1412647.749] zwlr_output_head_v1@4278190103.model("U28E570")
[1412647.751] zwlr_output_head_v1@4278190103.serial_number("HTPK901309")
[1412647.753] zwlr_output_head_v1@4278190103.mode(new id zwlr_output_mode_v1@4278190104)
[1412647.755] zwlr_output_mode_v1@4278190104.size(3840, 2160)
[1412647.756] zwlr_output_mode_v1@4278190104.refresh(59997)
[1412647.758] zwlr_output_mode_v1@4278190104.preferred()
[1412647.760] zwlr_output_head_v1@4278190103.mode(new id zwlr_output_mode_v1@4278190105)
[1412647.762] zwlr_output_mode_v1@4278190105.size(3840, 2160)
[1412647.763] zwlr_output_mode_v1@4278190105.refresh(60024)
[1412647.765] zwlr_output_head_v1@4278190103.mode(new id zwlr_output_mode_v1@4278190106)
[1412647.767] zwlr_output_mode_v1@4278190106.size(3840, 2160)
[1412647.769] zwlr_output_mode_v1@4278190106.refresh(50005)
[1412647.771] zwlr_output_head_v1@4278190103.mode(new id zwlr_output_mode_v1@4278190107)
[1412647.772] zwlr_output_mode_v1@4278190107.size(3840, 2160)
[1412647.774] zwlr_output_mode_v1@4278190107.refresh(48006)
[1412647.776] zwlr_output_head_v1@4278190103.mode(new id zwlr_output_mode_v1@4278190108)
[1412647.778] zwlr_output_mode_v1@4278190108.size(2560, 1440)
[1412647.779] zwlr_output_mode_v1@4278190108.refresh(59951)
[1412647.781] zwlr_output_head_v1@4278190103.mode(new id zwlr_output_mode_v1@4278190109)
[1412647.783] zwlr_output_mode_v1@4278190109.size(1920, 1200)
[1412647.785] zwlr_output_mode_v1@4278190109.refresh(59997)
[1412647.786] zwlr_output_head_v1@4278190103.mode(new id zwlr_output_mode_v1@4278190110)
[1412647.788] zwlr_output_mode_v1@4278190110.size(1920, 1080)
[1412647.790] zwlr_output_mode_v1@4278190110.refresh(60000)
[1412647.792] zwlr_output_head_v1@4278190103.mode(new id zwlr_output_mode_v1@4278190111)
[1412647.793] zwlr_output_mode_v1@4278190111.size(1920, 1080)
[1412647.795] zwlr_output_mode_v1@4278190111.refresh(60000)
[1412647.797] zwlr_output_head_v1@4278190103.mode(new id zwlr_output_mode_v1@4278190112)
[1412647.799] zwlr_output_mode_v1@4278190112.size(1920, 1080)
[1412647.800] zwlr_output_mode_v1@4278190112.refresh(59940)
[1412647.802] zwlr_output_head_v1@4278190103.mode(new id zwlr_output_mode_v1@4278190113)
[1412647.804] zwlr_output_mode_v1@4278190113.size(1600, 1200)
[1412647.806] zwlr_output_mode_v1@4278190113.refresh(59997)
[1412647.807] zwlr_output_head_v1@4278190103.mode(new id zwlr_output_mode_v1@4278190114)
[1412647.809] zwlr_output_mode_v1@4278190114.size(1680, 1050)
[1412647.811] zwlr_output_mode_v1@4278190114.refresh(59954)
[1412647.813] zwlr_output_head_v1@4278190103.mode(new id zwlr_output_mode_v1@4278190115)
[1412647.814] zwlr_output_mode_v1@4278190115.size(1600, 900)
[1412647.816] zwlr_output_mode_v1@4278190115.refresh(60000)
[1412647.818] zwlr_output_head_v1@4278190103.mode(new id zwlr_output_mode_v1@4278190116)
[1412647.819] zwlr_output_mode_v1@4278190116.size(1280, 1024)
[1412647.821] zwlr_output_mode_v1@4278190116.refresh(60020)
[1412647.823] zwlr_output_head_v1@4278190103.mode(new id zwlr_output_mode_v1@4278190117)
[1412647.825] zwlr_output_mode_v1@4278190117.size(1440, 900)
[1412647.827] zwlr_output_mode_v1@4278190117.refresh(59887)
[1412647.828] zwlr_output_head_v1@4278190103.mode(new id zwlr_output_mode_v1@4278190118)
[1412647.830] zwlr_output_mode_v1@4278190118.size(1280, 800)
[1412647.832] zwlr_output_mode_v1@4278190118.refresh(59810)
[1412647.834] zwlr_output_head_v1@4278190103.mode(new id zwlr_output_mode_v1@4278190119)
[1412647.835] zwlr_output_mode_v1@4278190119.size(1280, 720)
[1412647.837] zwlr_output_mode_v1@4278190119.refresh(60000)
[1412647.839] zwlr_output_head_v1@4278190103.mode(new id zwlr_output_mode_v1@4278190120)
[1412647.841] zwlr_output_mode_v1@4278190120.size(1280, 720)
[1412647.842] zwlr_output_mode_v1@4278190120.refresh(59940)
[1412647.844] zwlr_output_head_v1@4278190103.mode(new id zwlr_output_mode_v1@4278190121)
[1412647.846] zwlr_output_mode_v1@4278190121.size(1024, 768)
[1412647.848] zwlr_output_mode_v1@4278190121.refresh(60004)
[1412647.849] zwlr_output_head_v1@4278190103.mode(new id zwlr_output_mode_v1@4278190122)
[1412647.851] zwlr_output_mode_v1@4278190122.size(800, 600)
[1412647.853] zwlr_output_mode_v1@4278190122.refresh(60317)
[1412647.855] zwlr_output_head_v1@4278190103.mode(new id zwlr_output_mode_v1@4278190123)
[1412647.856] zwlr_output_mode_v1@4278190123.size(800, 600)
[1412647.858] zwlr_output_mode_v1@4278190123.refresh(56250)
[1412647.860] zwlr_output_head_v1@4278190103.mode(new id zwlr_output_mode_v1@4278190124)
[1412647.862] zwlr_output_mode_v1@4278190124.size(640, 480)
[1412647.863] zwlr_output_mode_v1@4278190124.refresh(60000)
[1412647.865] zwlr_output_head_v1@4278190103.mode(new id zwlr_output_mode_v1@4278190125)
[1412647.867] zwlr_output_mode_v1@4278190125.size(640, 480)
[1412647.869] zwlr_output_mode_v1@4278190125.refresh(59940)
[1412647.870] zwlr_output_head_v1@4278190103.enabled(1)
[1412647.872] zwlr_output_head_v1@4278190103.current_mode(zwlr_output_mode_v1@4278190104)
[1412647.874] zwlr_output_head_v1@4278190103.position(0, 0)
[1412647.876] zwlr_output_head_v1@4278190103.transform(0)
[1412647.878] zwlr_output_head_v1@4278190103.scale(1.50000000)
[1412647.879] zwlr_output_head_v1@4278190103.adaptive_sync(0)
[1412647.881] zwlr_output_manager_v1@4.done(12373)
applying profile 'default'
[1412647.885]  -> zwlr_output_manager_v1@4.create_configuration(new id zwlr_output_configuration_v1@3, 12373)
applying profile output 'DP-1' on connected head 'DP-1'
[1412647.889]  -> zwlr_output_configuration_v1@3.enable_head(new id zwlr_output_configuration_head_v1@5, zwlr_output_head_v1@4278190103)
[1412647.892]  -> zwlr_output_configuration_head_v1@5.set_position(0, 0)
[1412647.894]  -> zwlr_output_configuration_head_v1@5.set_scale(1.50000000)
applying profile output 'DP-2' on connected head 'DP-2'
[1412647.897]  -> zwlr_output_configuration_v1@3.enable_head(new id zwlr_output_configuration_head_v1@6, zwlr_output_head_v1@4278190080)
[1412647.900]  -> zwlr_output_configuration_head_v1@6.set_position(2560, 0)
[1412647.901]  -> zwlr_output_configuration_head_v1@6.set_scale(1.50000000)
[1412647.903]  -> zwlr_output_configuration_v1@3.apply()
[1412679.646] wl_display@1.delete_id(6)
[1412679.662] wl_display@1.delete_id(5)
[1412679.666] zwlr_output_configuration_v1@3.succeeded()
[1412679.669]  -> zwlr_output_configuration_v1@3.destroy()
configuration for profile 'default' applied
[1421248.975] wl_display@1.delete_id(3)
[1421248.985] zwlr_output_mode_v1@4278190102.finished()
[1421248.988]  -> zwlr_output_mode_v1@4278190102.release()
[1421248.991] zwlr_output_mode_v1@4278190101.finished()
[1421248.992]  -> zwlr_output_mode_v1@4278190101.release()
[1421248.994] zwlr_output_mode_v1@4278190100.finished()
[1421248.995]  -> zwlr_output_mode_v1@4278190100.release()
[1421248.997] zwlr_output_mode_v1@4278190099.finished()
[1421248.998]  -> zwlr_output_mode_v1@4278190099.release()
[1421249.000] zwlr_output_mode_v1@4278190098.finished()
[1421249.001]  -> zwlr_output_mode_v1@4278190098.release()
[1421249.002] zwlr_output_mode_v1@4278190097.finished()
[1421249.004]  -> zwlr_output_mode_v1@4278190097.release()
[1421249.005] zwlr_output_mode_v1@4278190096.finished()
[1421249.006]  -> zwlr_output_mode_v1@4278190096.release()
[1421249.008] zwlr_output_mode_v1@4278190095.finished()
[1421249.009]  -> zwlr_output_mode_v1@4278190095.release()
[1421249.011] zwlr_output_mode_v1@4278190094.finished()
[1421249.012]  -> zwlr_output_mode_v1@4278190094.release()
[1421249.013] zwlr_output_mode_v1@4278190093.finished()
[1421249.015]  -> zwlr_output_mode_v1@4278190093.release()
[1421249.016] zwlr_output_mode_v1@4278190092.finished()
[1421249.017]  -> zwlr_output_mode_v1@4278190092.release()
[1421249.019] zwlr_output_mode_v1@4278190091.finished()
[1421249.020]  -> zwlr_output_mode_v1@4278190091.release()
[1421249.021] zwlr_output_mode_v1@4278190090.finished()
[1421249.023]  -> zwlr_output_mode_v1@4278190090.release()
[1421249.024] zwlr_output_mode_v1@4278190089.finished()
[1421249.025]  -> zwlr_output_mode_v1@4278190089.release()
[1421249.027] zwlr_output_mode_v1@4278190088.finished()
[1421249.028]  -> zwlr_output_mode_v1@4278190088.release()
[1421249.029] zwlr_output_mode_v1@4278190087.finished()
[1421249.030]  -> zwlr_output_mode_v1@4278190087.release()
[1421249.032] zwlr_output_mode_v1@4278190086.finished()
[1421249.033]  -> zwlr_output_mode_v1@4278190086.release()
[1421249.035] zwlr_output_mode_v1@4278190085.finished()
[1421249.036]  -> zwlr_output_mode_v1@4278190085.release()
[1421249.037] zwlr_output_mode_v1@4278190084.finished()
[1421249.039]  -> zwlr_output_mode_v1@4278190084.release()
[1421249.040] zwlr_output_mode_v1@4278190083.finished()
[1421249.041]  -> zwlr_output_mode_v1@4278190083.release()
[1421249.043] zwlr_output_mode_v1@4278190082.finished()
[1421249.044]  -> zwlr_output_mode_v1@4278190082.release()
[1421249.045] zwlr_output_mode_v1@4278190081.finished()
[1421249.047]  -> zwlr_output_mode_v1@4278190081.release()
[1421249.048] zwlr_output_head_v1@4278190080.finished()
[1421249.049]  -> zwlr_output_head_v1@4278190080.release()
[1421249.051] wl_registry@2.global_remove(44)
[1421249.053] zwlr_output_manager_v1@4.done(14244)
applying profile 'dp1-only'
[1421249.057]  -> zwlr_output_manager_v1@4.create_configuration(new id zwlr_output_configuration_v1@3, 14244)
applying profile output 'DP-1' on connected head 'DP-1'
[1421249.061]  -> zwlr_output_configuration_v1@3.enable_head(new id zwlr_output_configuration_head_v1@7, zwlr_output_head_v1@4278190103)
[1421249.064]  -> zwlr_output_configuration_head_v1@7.set_position(0, 0)
[1421249.066]  -> zwlr_output_configuration_head_v1@7.set_scale(1.50000000)
[1421249.067]  -> zwlr_output_configuration_v1@3.apply()
[1421280.708] wl_display@1.delete_id(7)
[1421280.731] zwlr_output_configuration_v1@3.succeeded()
[1421280.740]  -> zwlr_output_configuration_v1@3.destroy()
configuration for profile 'dp1-only' applied
[1500768.432] wl_display@1.delete_id(3)
[1500768.451] wl_registry@2.global(45, "wl_output", 4)
[1500768.458] zwlr_output_manager_v1@4.head(new id zwlr_output_head_v1@4278190080)
[1500768.463] zwlr_output_head_v1@4278190080.name("DP-2")
[1500768.468] zwlr_output_head_v1@4278190080.description("Samsung Electric Company U28E590 HTPJ807275 (DP-2)")
[1500768.472] zwlr_output_head_v1@4278190080.physical_size(610, 350)
[1500768.477] zwlr_output_head_v1@4278190080.make("Samsung Electric Company")
[1500768.481] zwlr_output_head_v1@4278190080.model("U28E590")
[1500768.485] zwlr_output_head_v1@4278190080.serial_number("HTPJ807275")
[1500768.489] zwlr_output_head_v1@4278190080.mode(new id zwlr_output_mode_v1@4278190081)
[1500768.494] zwlr_output_mode_v1@4278190081.size(3840, 2160)
[1500768.499] zwlr_output_mode_v1@4278190081.refresh(59997)
[1500768.503] zwlr_output_mode_v1@4278190081.preferred()
[1500768.506] zwlr_output_head_v1@4278190080.mode(new id zwlr_output_mode_v1@4278190082)
[1500768.510] zwlr_output_mode_v1@4278190082.size(3840, 2160)
[1500768.514] zwlr_output_mode_v1@4278190082.refresh(60024)
[1500768.518] zwlr_output_head_v1@4278190080.mode(new id zwlr_output_mode_v1@4278190083)
[1500768.522] zwlr_output_mode_v1@4278190083.size(3840, 2160)
[1500768.527] zwlr_output_mode_v1@4278190083.refresh(50005)
[1500768.530] zwlr_output_head_v1@4278190080.mode(new id zwlr_output_mode_v1@4278190084)
[1500768.535] zwlr_output_mode_v1@4278190084.size(3840, 2160)
[1500768.539] zwlr_output_mode_v1@4278190084.refresh(48006)
[1500768.543] zwlr_output_head_v1@4278190080.mode(new id zwlr_output_mode_v1@4278190085)
[1500768.547] zwlr_output_mode_v1@4278190085.size(2560, 1440)
[1500768.551] zwlr_output_mode_v1@4278190085.refresh(59951)
[1500768.555] zwlr_output_head_v1@4278190080.mode(new id zwlr_output_mode_v1@4278190086)
[1500768.558] zwlr_output_mode_v1@4278190086.size(1920, 1200)
[1500768.562] zwlr_output_mode_v1@4278190086.refresh(59997)
[1500768.565] zwlr_output_head_v1@4278190080.mode(new id zwlr_output_mode_v1@4278190087)
[1500768.569] zwlr_output_mode_v1@4278190087.size(1920, 1080)
[1500768.574] zwlr_output_mode_v1@4278190087.refresh(60000)
[1500768.578] zwlr_output_head_v1@4278190080.mode(new id zwlr_output_mode_v1@4278190088)
[1500768.582] zwlr_output_mode_v1@4278190088.size(1920, 1080)
[1500768.586] zwlr_output_mode_v1@4278190088.refresh(60000)
[1500768.590] zwlr_output_head_v1@4278190080.mode(new id zwlr_output_mode_v1@4278190089)
[1500768.594] zwlr_output_mode_v1@4278190089.size(1920, 1080)
[1500768.599] zwlr_output_mode_v1@4278190089.refresh(59940)
[1500768.602] zwlr_output_head_v1@4278190080.mode(new id zwlr_output_mode_v1@4278190090)
[1500768.607] zwlr_output_mode_v1@4278190090.size(1600, 1200)
[1500768.611] zwlr_output_mode_v1@4278190090.refresh(59997)
[1500768.615] zwlr_output_head_v1@4278190080.mode(new id zwlr_output_mode_v1@4278190091)
[1500768.619] zwlr_output_mode_v1@4278190091.size(1680, 1050)
[1500768.624] zwlr_output_mode_v1@4278190091.refresh(59954)
[1500768.627] zwlr_output_head_v1@4278190080.mode(new id zwlr_output_mode_v1@4278190092)
[1500768.632] zwlr_output_mode_v1@4278190092.size(1600, 900)
[1500768.636] zwlr_output_mode_v1@4278190092.refresh(60000)
[1500768.639] zwlr_output_head_v1@4278190080.mode(new id zwlr_output_mode_v1@4278190093)
[1500768.644] zwlr_output_mode_v1@4278190093.size(1280, 1024)
[1500768.648] zwlr_output_mode_v1@4278190093.refresh(60020)
[1500768.652] zwlr_output_head_v1@4278190080.mode(new id zwlr_output_mode_v1@4278190094)
[1500768.656] zwlr_output_mode_v1@4278190094.size(1440, 900)
[1500768.660] zwlr_output_mode_v1@4278190094.refresh(59887)
[1500768.664] zwlr_output_head_v1@4278190080.mode(new id zwlr_output_mode_v1@4278190095)
[1500768.668] zwlr_output_mode_v1@4278190095.size(1280, 800)
[1500768.672] zwlr_output_mode_v1@4278190095.refresh(59810)
[1500768.676] zwlr_output_head_v1@4278190080.mode(new id zwlr_output_mode_v1@4278190096)
[1500768.680] zwlr_output_mode_v1@4278190096.size(1280, 720)
[1500768.684] zwlr_output_mode_v1@4278190096.refresh(60000)
[1500768.688] zwlr_output_head_v1@4278190080.mode(new id zwlr_output_mode_v1@4278190097)
[1500768.695] zwlr_output_mode_v1@4278190097.size(1280, 720)
[1500768.699] zwlr_output_mode_v1@4278190097.refresh(59940)
[1500768.703] zwlr_output_head_v1@4278190080.mode(new id zwlr_output_mode_v1@4278190098)
[1500768.708] zwlr_output_mode_v1@4278190098.size(1024, 768)
[1500768.712] zwlr_output_mode_v1@4278190098.refresh(60004)
[1500768.715] zwlr_output_head_v1@4278190080.mode(new id zwlr_output_mode_v1@4278190099)
[1500768.720] zwlr_output_mode_v1@4278190099.size(800, 600)
[1500768.724] zwlr_output_mode_v1@4278190099.refresh(60317)
[1500768.728] zwlr_output_head_v1@4278190080.mode(new id zwlr_output_mode_v1@4278190100)
[1500768.732] zwlr_output_mode_v1@4278190100.size(800, 600)
[1500768.737] zwlr_output_mode_v1@4278190100.refresh(56250)
[1500768.740] zwlr_output_head_v1@4278190080.mode(new id zwlr_output_mode_v1@4278190101)
[1500768.745] zwlr_output_mode_v1@4278190101.size(640, 480)
[1500768.749] zwlr_output_mode_v1@4278190101.refresh(60000)
[1500768.753] zwlr_output_head_v1@4278190080.mode(new id zwlr_output_mode_v1@4278190102)
[1500768.757] zwlr_output_mode_v1@4278190102.size(640, 480)
[1500768.761] zwlr_output_mode_v1@4278190102.refresh(59940)
[1500768.765] zwlr_output_head_v1@4278190080.enabled(1)
[1500768.769] zwlr_output_head_v1@4278190080.current_mode(zwlr_output_mode_v1@4278190081)
[1500768.773] zwlr_output_head_v1@4278190080.position(2560, 0)
[1500768.777] zwlr_output_head_v1@4278190080.transform(0)
[1500768.781] zwlr_output_head_v1@4278190080.scale(1.00000000)
[1500768.785] zwlr_output_head_v1@4278190080.adaptive_sync(0)
[1500768.790] zwlr_output_manager_v1@4.done(14986)
applying profile 'default'
[1500768.799]  -> zwlr_output_manager_v1@4.create_configuration(new id zwlr_output_configuration_v1@3, 14986)
applying profile output 'DP-2' on connected head 'DP-2'
[1500768.806]  -> zwlr_output_configuration_v1@3.enable_head(new id zwlr_output_configuration_head_v1@8, zwlr_output_head_v1@4278190080)
[1500768.813]  -> zwlr_output_configuration_head_v1@8.set_position(2560, 0)
[1500768.817]  -> zwlr_output_configuration_head_v1@8.set_scale(1.50000000)
applying profile output 'DP-1' on connected head 'DP-1'
[1500768.822]  -> zwlr_output_configuration_v1@3.enable_head(new id zwlr_output_configuration_head_v1@9, zwlr_output_head_v1@4278190103)
[1500768.828]  -> zwlr_output_configuration_head_v1@9.set_position(0, 0)
[1500768.833]  -> zwlr_output_configuration_head_v1@9.set_scale(1.50000000)
[1500768.837]  -> zwlr_output_configuration_v1@3.apply()
[1500803.839] wl_display@1.delete_id(9)
[1500803.853] wl_display@1.delete_id(8)
[1500803.857] zwlr_output_head_v1@4278190080.scale(1.50000000)
[1500803.860] zwlr_output_manager_v1@4.done(14990)
[1500803.865] zwlr_output_configuration_v1@3.succeeded()
[1500803.868]  -> zwlr_output_configuration_v1@3.destroy()
configuration for profile 'default' applied
