[1021420.881]  -> wl_display@1.get_registry(new id wl_registry@2)
[1021420.888]  -> wl_display@1.sync(new id wl_callback@3)
[1021420.940] wl_display@1.delete_id(3)
[1021420.948] wl_registry@2.global(1, "wl_shm", 1)
[1021420.950] wl_registry@2.global(2, "wl_drm", 2)
[1021420.952] wl_registry@2.global(3, "zwp_linux_dmabuf_v1", 4)
[1021420.954] wl_registry@2.global(4, "zwlr_gamma_control_manager_v1", 1)
[1021420.956] wl_registry@2.global(5, "zxdg_output_manager_v1", 3)
[1021420.957] wl_registry@2.global(6, "zwlr_output_manager_v1", 4)
[1021420.961]  -> wl_registry@2.bind(6, "zwlr_output_manager_v1", 4, new id [unknown]@4)
[1021420.964] wl_registry@2.global(7, "wl_compositor", 5)
[1021420.965] wl_registry@2.global(8, "wl_subcompositor", 1)
[1021420.967] wl_registry@2.global(9, "wl_data_device_manager", 3)
[1021420.968] wl_registry@2.global(10, "zwp_primary_selection_device_manager_v1", 1)
[1021420.970] wl_registry@2.global(11, "wl_seat", 8)
[1021420.972] wl_registry@2.global(12, "zwlr_virtual_pointer_manager_v1", 2)
[1021420.973] wl_registry@2.global(13, "zwp_virtual_keyboard_manager_v1", 1)
[1021420.975] wl_registry@2.global(14, "zwp_pointer_gestures_v1", 3)
[1021420.976] wl_registry@2.global(15, "wp_cursor_shape_manager_v1", 1)
[1021420.978] wl_registry@2.global(16, "xdg_wm_base", 2)
[1021420.979] wl_registry@2.global(17, "xdg_activation_v1", 1)
[1021420.981] wl_registry@2.global(18, "org_kde_kwin_server_decoration_manager", 1)
[1021420.983] wl_registry@2.global(19, "zxdg_decoration_manager_v1", 1)
[1021420.984] wl_registry@2.global(20, "wp_presentation", 1)
[1021420.985] wl_registry@2.global(21, "zwlr_export_dmabuf_manager_v1", 1)
[1021420.987] wl_registry@2.global(22, "zwlr_screencopy_manager_v1", 3)
[1021420.989] wl_registry@2.global(23, "zwlr_data_control_manager_v1", 2)
[1021420.990] wl_registry@2.global(24, "wp_viewporter", 1)
[1021420.992] wl_registry@2.global(25, "wp_single_pixel_buffer_manager_v1", 1)
[1021420.993] wl_registry@2.global(26, "wp_fractional_scale_manager_v1", 1)
[1021420.995] wl_registry@2.global(27, "ext_idle_notifier_v1", 1)
[1021420.996] wl_registry@2.global(28, "zwp_idle_inhibit_manager_v1", 1)
[1021420.998] wl_registry@2.global(29, "zwp_relative_pointer_manager_v1", 1)
[1021420.999] wl_registry@2.global(30, "zwp_pointer_constraints_v1", 1)
[1021421.001] wl_registry@2.global(31, "zwlr_input_inhibit_manager_v1", 1)
[1021421.002] wl_registry@2.global(32, "zwlr_foreign_toplevel_manager_v1", 3)
[1021421.004] wl_registry@2.global(33, "ext_session_lock_manager_v1", 1)
[1021421.005] wl_registry@2.global(34, "wp_drm_lease_device_v1", 1)
[1021421.007] wl_registry@2.global(35, "zwlr_output_power_manager_v1", 1)
[1021421.008] wl_registry@2.global(36, "zwlr_layer_shell_v1", 4)
[1021421.010] wl_registry@2.global(37, "xwayland_shell_v1", 1)
[1021421.012] wl_registry@2.global(41, "wl_output", 4)
[1021421.013] wl_registry@2.global(43, "wl_output", 4)
[1021421.015] wl_callback@3.done(10539)
[1021421.121] zwlr_output_manager_v1@4.head(new id zwlr_output_head_v1@4278190080)
[1021421.125] zwlr_output_head_v1@4278190080.name("DP-2")
[1021421.127] zwlr_output_head_v1@4278190080.description("Samsung Electric Company U28E590 HTPJ807275 (DP-2)")
[1021421.129] zwlr_output_head_v1@4278190080.physical_size(610, 350)
[1021421.130] zwlr_output_head_v1@4278190080.make("Samsung Electric Company")
[1021421.132] zwlr_output_head_v1@4278190080.model("U28E590")
[1021421.133] zwlr_output_head_v1@4278190080.serial_number("HTPJ807275")
[1021421.135] zwlr_output_head_v1@4278190080.mode(new id zwlr_output_mode_v1@4278190081)
[1021421.136] zwlr_output_mode_v1@4278190081.size(3840, 2160)
[1021421.138] zwlr_output_mode_v1@4278190081.refresh(59997)
[1021421.139] zwlr_output_mode_v1@4278190081.preferred()
[1021421.140] zwlr_output_head_v1@4278190080.mode(new id zwlr_output_mode_v1@4278190082)
[1021421.142] zwlr_output_mode_v1@4278190082.size(3840, 2160)
[1021421.144] zwlr_output_mode_v1@4278190082.refresh(60024)
[1021421.145] zwlr_output_head_v1@4278190080.mode(new id zwlr_output_mode_v1@4278190083)
[1021421.146] zwlr_output_mode_v1@4278190083.size(3840, 2160)
[1021421.148] zwlr_output_mode_v1@4278190083.refresh(50005)
[1021421.149] zwlr_output_head_v1@4278190080.mode(new id zwlr_output_mode_v1@4278190084)
[1021421.151] zwlr_output_mode_v1@4278190084.size(3840, 2160)
[1021421.152] zwlr_output_mode_v1@4278190084.refresh(48006)
[1021421.153] zwlr_output_head_v1@4278190080.mode(new id zwlr_output_mode_v1@4278190085)
[1021421.155] zwlr_output_mode_v1@4278190085.size(2560, 1440)
[1021421.156] zwlr_output_mode_v1@4278190085.refresh(59951)
[1021421.158] zwlr_output_head_v1@4278190080.mode(new id zwlr_output_mode_v1@4278190086)
[1021421.159] zwlr_output_mode_v1@4278190086.size(1920, 1200)
[1021421.161] zwlr_output_mode_v1@4278190086.refresh(59997)
[1021421.162] zwlr_output_head_v1@4278190080.mode(new id zwlr_output_mode_v1@4278190087)
[1021421.164] zwlr_output_mode_v1@4278190087.size(1920, 1080)
[1021421.165] zwlr_output_mode_v1@4278190087.refresh(60000)
[1021421.166] zwlr_output_head_v1@4278190080.mode(new id zwlr_output_mode_v1@4278190088)
[1021421.168] zwlr_output_mode_v1@4278190088.size(1920, 1080)
[1021421.169] zwlr_output_mode_v1@4278190088.refresh(60000)
[1021421.171] zwlr_output_head_v1@4278190080.mode(new id zwlr_output_mode_v1@4278190089)
[1021421.172] zwlr_output_mode_v1@4278190089.size(1920, 1080)
[1021421.173] zwlr_output_mode_v1@4278190089.refresh(59940)
[1021421.175] zwlr_output_head_v1@4278190080.mode(new id zwlr_output_mode_v1@4278190090)
[1021421.176] zwlr_output_mode_v1@4278190090.size(1600, 1200)
[1021421.178] zwlr_output_mode_v1@4278190090.refresh(59997)
[1021421.179] zwlr_output_head_v1@4278190080.mode(new id zwlr_output_mode_v1@4278190091)
[1021421.180] zwlr_output_mode_v1@4278190091.size(1680, 1050)
[1021421.182] zwlr_output_mode_v1@4278190091.refresh(59954)
[1021421.183] zwlr_output_head_v1@4278190080.mode(new id zwlr_output_mode_v1@4278190092)
[1021421.185] zwlr_output_mode_v1@4278190092.size(1600, 900)
[1021421.186] zwlr_output_mode_v1@4278190092.refresh(60000)
[1021421.187] zwlr_output_head_v1@4278190080.mode(new id zwlr_output_mode_v1@4278190093)
[1021421.189] zwlr_output_mode_v1@4278190093.size(1280, 1024)
[1021421.190] zwlr_output_mode_v1@4278190093.refresh(60020)
[1021421.192] zwlr_output_head_v1@4278190080.mode(new id zwlr_output_mode_v1@4278190094)
[1021421.193] zwlr_output_mode_v1@4278190094.size(1440, 900)
[1021421.194] zwlr_output_mode_v1@4278190094.refresh(59887)
[1021421.196] zwlr_output_head_v1@4278190080.mode(new id zwlr_output_mode_v1@4278190095)
[1021421.197] zwlr_output_mode_v1@4278190095.size(1280, 800)
[1021421.199] zwlr_output_mode_v1@4278190095.refresh(59810)
[1021421.200] zwlr_output_head_v1@4278190080.mode(new id zwlr_output_mode_v1@4278190096)
[1021421.201] zwlr_output_mode_v1@4278190096.size(1280, 720)
[1021421.203] zwlr_output_mode_v1@4278190096.refresh(60000)
[1021421.204] zwlr_output_head_v1@4278190080.mode(new id zwlr_output_mode_v1@4278190097)
[1021421.205] zwlr_output_mode_v1@4278190097.size(1280, 720)
[1021421.207] zwlr_output_mode_v1@4278190097.refresh(59940)
[1021421.208] zwlr_output_head_v1@4278190080.mode(new id zwlr_output_mode_v1@4278190098)
[1021421.210] zwlr_output_mode_v1@4278190098.size(1024, 768)
[1021421.211] zwlr_output_mode_v1@4278190098.refresh(60004)
[1021421.212] zwlr_output_head_v1@4278190080.mode(new id zwlr_output_mode_v1@4278190099)
[1021421.214] zwlr_output_mode_v1@4278190099.size(800, 600)
[1021421.215] zwlr_output_mode_v1@4278190099.refresh(60317)
[1021421.217] zwlr_output_head_v1@4278190080.mode(new id zwlr_output_mode_v1@4278190100)
[1021421.218] zwlr_output_mode_v1@4278190100.size(800, 600)
[1021421.219] zwlr_output_mode_v1@4278190100.refresh(56250)
[1021421.221] zwlr_output_head_v1@4278190080.mode(new id zwlr_output_mode_v1@4278190101)
[1021421.222] zwlr_output_mode_v1@4278190101.size(640, 480)
[1021421.224] zwlr_output_mode_v1@4278190101.refresh(60000)
[1021421.225] zwlr_output_head_v1@4278190080.mode(new id zwlr_output_mode_v1@4278190102)
[1021421.226] zwlr_output_mode_v1@4278190102.size(640, 480)
[1021421.228] zwlr_output_mode_v1@4278190102.refresh(59940)
[1021421.229] zwlr_output_head_v1@4278190080.enabled(1)
[1021421.230] zwlr_output_head_v1@4278190080.current_mode(zwlr_output_mode_v1@4278190081)
[1021421.232] zwlr_output_head_v1@4278190080.position(2560, 0)
[1021421.233] zwlr_output_head_v1@4278190080.transform(0)
[1021421.235] zwlr_output_head_v1@4278190080.scale(1.50000000)
[1021421.236] zwlr_output_head_v1@4278190080.adaptive_sync(0)
[1021421.238] zwlr_output_manager_v1@4.head(new id zwlr_output_head_v1@4278190103)
[1021421.239] zwlr_output_head_v1@4278190103.name("DP-1")
[1021421.241] zwlr_output_head_v1@4278190103.description("Samsung Electric Company U28E570 HTPK901309 (DP-1)")
[1021421.242] zwlr_output_head_v1@4278190103.physical_size(610, 350)
[1021421.244] zwlr_output_head_v1@4278190103.make("Samsung Electric Company")
[1021421.245] zwlr_output_head_v1@4278190103.model("U28E570")
[1021421.247] zwlr_output_head_v1@4278190103.serial_number("HTPK901309")
[1021421.248] zwlr_output_head_v1@4278190103.mode(new id zwlr_output_mode_v1@4278190104)
[1021421.250] zwlr_output_mode_v1@4278190104.size(3840, 2160)
[1021421.251] zwlr_output_mode_v1@4278190104.refresh(59997)
[1021421.252] zwlr_output_mode_v1@4278190104.preferred()
[1021421.254] zwlr_output_head_v1@4278190103.mode(new id zwlr_output_mode_v1@4278190105)
[1021421.255] zwlr_output_mode_v1@4278190105.size(3840, 2160)
[1021421.257] zwlr_output_mode_v1@4278190105.refresh(60024)
[1021421.258] zwlr_output_head_v1@4278190103.mode(new id zwlr_output_mode_v1@4278190106)
[1021421.259] zwlr_output_mode_v1@4278190106.size(3840, 2160)
[1021421.261] zwlr_output_mode_v1@4278190106.refresh(50005)
[1021421.262] zwlr_output_head_v1@4278190103.mode(new id zwlr_output_mode_v1@4278190107)
[1021421.264] zwlr_output_mode_v1@4278190107.size(3840, 2160)
[1021421.265] zwlr_output_mode_v1@4278190107.refresh(48006)
[1021421.266] zwlr_output_head_v1@4278190103.mode(new id zwlr_output_mode_v1@4278190108)
[1021421.268] zwlr_output_mode_v1@4278190108.size(2560, 1440)
[1021421.269] zwlr_output_mode_v1@4278190108.refresh(59951)
[1021421.270] zwlr_output_head_v1@4278190103.mode(new id zwlr_output_mode_v1@4278190109)
[1021421.272] zwlr_output_mode_v1@4278190109.size(1920, 1200)
[1021421.273] zwlr_output_mode_v1@4278190109.refresh(59997)
[1021421.275] zwlr_output_head_v1@4278190103.mode(new id zwlr_output_mode_v1@4278190110)
[1021421.276] zwlr_output_mode_v1@4278190110.size(1920, 1080)
[1021421.277] zwlr_output_mode_v1@4278190110.refresh(60000)
[1021421.279] zwlr_output_head_v1@4278190103.mode(new id zwlr_output_mode_v1@4278190111)
[1021421.280] zwlr_output_mode_v1@4278190111.size(1920, 1080)
[1021421.282] zwlr_output_mode_v1@4278190111.refresh(60000)
[1021421.283] zwlr_output_head_v1@4278190103.mode(new id zwlr_output_mode_v1@4278190112)
[1021421.284] zwlr_output_mode_v1@4278190112.size(1920, 1080)
[1021421.286] zwlr_output_mode_v1@4278190112.refresh(59940)
[1021421.287] zwlr_output_head_v1@4278190103.mode(new id zwlr_output_mode_v1@4278190113)
[1021421.289] zwlr_output_mode_v1@4278190113.size(1600, 1200)
[1021421.290] zwlr_output_mode_v1@4278190113.refresh(59997)
[1021421.291] zwlr_output_head_v1@4278190103.mode(new id zwlr_output_mode_v1@4278190114)
[1021421.293] zwlr_output_mode_v1@4278190114.size(1680, 1050)
[1021421.294] zwlr_output_mode_v1@4278190114.refresh(59954)
[1021421.295] zwlr_output_head_v1@4278190103.mode(new id zwlr_output_mode_v1@4278190115)
[1021421.297] zwlr_output_mode_v1@4278190115.size(1600, 900)
[1021421.298] zwlr_output_mode_v1@4278190115.refresh(60000)
[1021421.299] zwlr_output_head_v1@4278190103.mode(new id zwlr_output_mode_v1@4278190116)
[1021421.301] zwlr_output_mode_v1@4278190116.size(1280, 1024)
[1021421.302] zwlr_output_mode_v1@4278190116.refresh(60020)
[1021421.304] zwlr_output_head_v1@4278190103.mode(new id zwlr_output_mode_v1@4278190117)
[1021421.305] zwlr_output_mode_v1@4278190117.size(1440, 900)
[1021421.307] zwlr_output_mode_v1@4278190117.refresh(59887)
[1021421.308] zwlr_output_head_v1@4278190103.mode(new id zwlr_output_mode_v1@4278190118)
[1021421.309] zwlr_output_mode_v1@4278190118.size(1280, 800)
[1021421.311] zwlr_output_mode_v1@4278190118.refresh(59810)
[1021421.312] zwlr_output_head_v1@4278190103.mode(new id zwlr_output_mode_v1@4278190119)
[1021421.313] zwlr_output_mode_v1@4278190119.size(1280, 720)
[1021421.315] zwlr_output_mode_v1@4278190119.refresh(60000)
[1021421.316] zwlr_output_head_v1@4278190103.mode(new id zwlr_output_mode_v1@4278190120)
[1021421.318] zwlr_output_mode_v1@4278190120.size(1280, 720)
[1021421.319] zwlr_output_mode_v1@4278190120.refresh(59940)
[1021421.320] zwlr_output_head_v1@4278190103.mode(new id zwlr_output_mode_v1@4278190121)
[1021421.322] zwlr_output_mode_v1@4278190121.size(1024, 768)
[1021421.323] zwlr_output_mode_v1@4278190121.refresh(60004)
[1021421.325] zwlr_output_head_v1@4278190103.mode(new id zwlr_output_mode_v1@4278190122)
[1021421.326] zwlr_output_mode_v1@4278190122.size(800, 600)
[1021421.327] zwlr_output_mode_v1@4278190122.refresh(60317)
[1021421.329] zwlr_output_head_v1@4278190103.mode(new id zwlr_output_mode_v1@4278190123)
[1021421.330] zwlr_output_mode_v1@4278190123.size(800, 600)
[1021421.331] zwlr_output_mode_v1@4278190123.refresh(56250)
[1021421.333] zwlr_output_head_v1@4278190103.mode(new id zwlr_output_mode_v1@4278190124)
[1021421.334] zwlr_output_mode_v1@4278190124.size(640, 480)
[1021421.336] zwlr_output_mode_v1@4278190124.refresh(60000)
[1021421.337] zwlr_output_head_v1@4278190103.mode(new id zwlr_output_mode_v1@4278190125)
[1021421.338] zwlr_output_mode_v1@4278190125.size(640, 480)
[1021421.340] zwlr_output_mode_v1@4278190125.refresh(59940)
[1021421.341] zwlr_output_head_v1@4278190103.enabled(1)
[1021421.342] zwlr_output_head_v1@4278190103.current_mode(zwlr_output_mode_v1@4278190104)
[1021421.344] zwlr_output_head_v1@4278190103.position(0, 0)
[1021421.345] zwlr_output_head_v1@4278190103.transform(0)
[1021421.347] zwlr_output_head_v1@4278190103.scale(1.50000000)
[1021421.348] zwlr_output_head_v1@4278190103.adaptive_sync(0)
[1021421.349] zwlr_output_manager_v1@4.done(5666)
applying profile 'default'
[1021421.353]  -> zwlr_output_manager_v1@4.create_configuration(new id zwlr_output_configuration_v1@3, 5666)
applying profile output 'DP-1' on connected head 'DP-1'
[1021421.362]  -> zwlr_output_configuration_v1@3.enable_head(new id zwlr_output_configuration_head_v1@5, zwlr_output_head_v1@4278190103)
[1021421.364]  -> zwlr_output_configuration_head_v1@5.set_position(0, 0)
[1021421.366]  -> zwlr_output_configuration_head_v1@5.set_scale(1.50000000)
applying profile output 'DP-2' on connected head 'DP-2'
[1021421.369]  -> zwlr_output_configuration_v1@3.enable_head(new id zwlr_output_configuration_head_v1@6, zwlr_output_head_v1@4278190080)
[1021421.371]  -> zwlr_output_configuration_head_v1@6.set_position(2560, 0)
[1021421.372]  -> zwlr_output_configuration_head_v1@6.set_scale(1.50000000)
[1021421.374]  -> zwlr_output_configuration_v1@3.apply()
[1021469.574] wl_display@1.delete_id(6)
[1021469.592] wl_display@1.delete_id(5)
[1021469.597] zwlr_output_configuration_v1@3.succeeded()
[1021469.601]  -> zwlr_output_configuration_v1@3.destroy()
configuration for profile 'default' applied
[1066572.856] wl_display@1.delete_id(3)
[1066572.865] zwlr_output_mode_v1@4278190102.finished()
[1066572.869]  -> zwlr_output_mode_v1@4278190102.release()
[1066572.872] zwlr_output_mode_v1@4278190101.finished()
[1066572.874]  -> zwlr_output_mode_v1@4278190101.release()
[1066572.876] zwlr_output_mode_v1@4278190100.finished()
[1066572.878]  -> zwlr_output_mode_v1@4278190100.release()
[1066572.880] zwlr_output_mode_v1@4278190099.finished()
[1066572.882]  -> zwlr_output_mode_v1@4278190099.release()
[1066572.884] zwlr_output_mode_v1@4278190098.finished()
[1066572.886]  -> zwlr_output_mode_v1@4278190098.release()
[1066572.888] zwlr_output_mode_v1@4278190097.finished()
[1066572.889]  -> zwlr_output_mode_v1@4278190097.release()
[1066572.891] zwlr_output_mode_v1@4278190096.finished()
[1066572.893]  -> zwlr_output_mode_v1@4278190096.release()
[1066572.895] zwlr_output_mode_v1@4278190095.finished()
[1066572.896]  -> zwlr_output_mode_v1@4278190095.release()
[1066572.899] zwlr_output_mode_v1@4278190094.finished()
[1066572.900]  -> zwlr_output_mode_v1@4278190094.release()
[1066572.903] zwlr_output_mode_v1@4278190093.finished()
[1066572.904]  -> zwlr_output_mode_v1@4278190093.release()
[1066572.906] zwlr_output_mode_v1@4278190092.finished()
[1066572.908]  -> zwlr_output_mode_v1@4278190092.release()
[1066572.910] zwlr_output_mode_v1@4278190091.finished()
[1066572.912]  -> zwlr_output_mode_v1@4278190091.release()
[1066572.914] zwlr_output_mode_v1@4278190090.finished()
[1066572.916]  -> zwlr_output_mode_v1@4278190090.release()
[1066572.918] zwlr_output_mode_v1@4278190089.finished()
[1066572.919]  -> zwlr_output_mode_v1@4278190089.release()
[1066572.921] zwlr_output_mode_v1@4278190088.finished()
[1066572.923]  -> zwlr_output_mode_v1@4278190088.release()
[1066572.925] zwlr_output_mode_v1@4278190087.finished()
[1066572.927]  -> zwlr_output_mode_v1@4278190087.release()
[1066572.929] zwlr_output_mode_v1@4278190086.finished()
[1066572.931]  -> zwlr_output_mode_v1@4278190086.release()
[1066572.933] zwlr_output_mode_v1@4278190085.finished()
[1066572.935]  -> zwlr_output_mode_v1@4278190085.release()
[1066572.937] zwlr_output_mode_v1@4278190084.finished()
[1066572.939]  -> zwlr_output_mode_v1@4278190084.release()
[1066572.941] zwlr_output_mode_v1@4278190083.finished()
[1066572.942]  -> zwlr_output_mode_v1@4278190083.release()
[1066572.944] zwlr_output_mode_v1@4278190082.finished()
[1066572.946]  -> zwlr_output_mode_v1@4278190082.release()
[1066572.948] zwlr_output_mode_v1@4278190081.finished()
[1066572.949]  -> zwlr_output_mode_v1@4278190081.release()
[1066572.951] zwlr_output_head_v1@4278190080.finished()
[1066572.953]  -> zwlr_output_head_v1@4278190080.release()
[1066572.955] wl_registry@2.global_remove(43)
[1066573.016] zwlr_output_manager_v1@4.done(10817)
no profile matched
[1094772.563] wl_registry@2.global(44, "wl_output", 4)
[1094772.577] zwlr_output_manager_v1@4.head(new id zwlr_output_head_v1@4278190080)
[1094772.580] zwlr_output_head_v1@4278190080.name("DP-2")
[1094772.582] zwlr_output_head_v1@4278190080.description("Samsung Electric Company U28E590 HTPJ807275 (DP-2)")
[1094772.584] zwlr_output_head_v1@4278190080.physical_size(610, 350)
[1094772.586] zwlr_output_head_v1@4278190080.make("Samsung Electric Company")
[1094772.588] zwlr_output_head_v1@4278190080.model("U28E590")
[1094772.590] zwlr_output_head_v1@4278190080.serial_number("HTPJ807275")
[1094772.591] zwlr_output_head_v1@4278190080.mode(new id zwlr_output_mode_v1@4278190081)
[1094772.593] zwlr_output_mode_v1@4278190081.size(3840, 2160)
[1094772.595] zwlr_output_mode_v1@4278190081.refresh(59997)
[1094772.597] zwlr_output_mode_v1@4278190081.preferred()
[1094772.599] zwlr_output_head_v1@4278190080.mode(new id zwlr_output_mode_v1@4278190082)
[1094772.601] zwlr_output_mode_v1@4278190082.size(3840, 2160)
[1094772.602] zwlr_output_mode_v1@4278190082.refresh(60024)
[1094772.604] zwlr_output_head_v1@4278190080.mode(new id zwlr_output_mode_v1@4278190083)
[1094772.606] zwlr_output_mode_v1@4278190083.size(3840, 2160)
[1094772.608] zwlr_output_mode_v1@4278190083.refresh(50005)
[1094772.977] zwlr_output_head_v1@4278190080.mode(new id zwlr_output_mode_v1@4278190084)
[1094772.984] zwlr_output_mode_v1@4278190084.size(3840, 2160)
[1094772.986] zwlr_output_mode_v1@4278190084.refresh(48006)
[1094772.988] zwlr_output_head_v1@4278190080.mode(new id zwlr_output_mode_v1@4278190085)
[1094772.990] zwlr_output_mode_v1@4278190085.size(2560, 1440)
[1094772.992] zwlr_output_mode_v1@4278190085.refresh(59951)
[1094772.994] zwlr_output_head_v1@4278190080.mode(new id zwlr_output_mode_v1@4278190086)
[1094772.996] zwlr_output_mode_v1@4278190086.size(1920, 1200)
[1094772.998] zwlr_output_mode_v1@4278190086.refresh(59997)
[1094773.000] zwlr_output_head_v1@4278190080.mode(new id zwlr_output_mode_v1@4278190087)
[1094773.002] zwlr_output_mode_v1@4278190087.size(1920, 1080)
[1094773.004] zwlr_output_mode_v1@4278190087.refresh(60000)
[1094773.006] zwlr_output_head_v1@4278190080.mode(new id zwlr_output_mode_v1@4278190088)
[1094773.008] zwlr_output_mode_v1@4278190088.size(1920, 1080)
[1094773.010] zwlr_output_mode_v1@4278190088.refresh(60000)
[1094773.012] zwlr_output_head_v1@4278190080.mode(new id zwlr_output_mode_v1@4278190089)
[1094773.014] zwlr_output_mode_v1@4278190089.size(1920, 1080)
[1094773.016] zwlr_output_mode_v1@4278190089.refresh(59940)
[1094773.018] zwlr_output_head_v1@4278190080.mode(new id zwlr_output_mode_v1@4278190090)
[1094773.020] zwlr_output_mode_v1@4278190090.size(1600, 1200)
[1094773.022] zwlr_output_mode_v1@4278190090.refresh(59997)
[1094773.024] zwlr_output_head_v1@4278190080.mode(new id zwlr_output_mode_v1@4278190091)
[1094773.026] zwlr_output_mode_v1@4278190091.size(1680, 1050)
[1094773.028] zwlr_output_mode_v1@4278190091.refresh(59954)
[1094773.029] zwlr_output_head_v1@4278190080.mode(new id zwlr_output_mode_v1@4278190092)
[1094773.031] zwlr_output_mode_v1@4278190092.size(1600, 900)
[1094773.033] zwlr_output_mode_v1@4278190092.refresh(60000)
[1094773.035] zwlr_output_head_v1@4278190080.mode(new id zwlr_output_mode_v1@4278190093)
[1094773.037] zwlr_output_mode_v1@4278190093.size(1280, 1024)
[1094773.039] zwlr_output_mode_v1@4278190093.refresh(60020)
[1094773.041] zwlr_output_head_v1@4278190080.mode(new id zwlr_output_mode_v1@4278190094)
[1094773.043] zwlr_output_mode_v1@4278190094.size(1440, 900)
[1094773.045] zwlr_output_mode_v1@4278190094.refresh(59887)
[1094773.047] zwlr_output_head_v1@4278190080.mode(new id zwlr_output_mode_v1@4278190095)
[1094773.049] zwlr_output_mode_v1@4278190095.size(1280, 800)
[1094773.051] zwlr_output_mode_v1@4278190095.refresh(59810)
[1094773.053] zwlr_output_head_v1@4278190080.mode(new id zwlr_output_mode_v1@4278190096)
[1094773.055] zwlr_output_mode_v1@4278190096.size(1280, 720)
[1094773.057] zwlr_output_mode_v1@4278190096.refresh(60000)
[1094773.058] zwlr_output_head_v1@4278190080.mode(new id zwlr_output_mode_v1@4278190097)
[1094773.060] zwlr_output_mode_v1@4278190097.size(1280, 720)
[1094773.062] zwlr_output_mode_v1@4278190097.refresh(59940)
[1094773.064] zwlr_output_head_v1@4278190080.mode(new id zwlr_output_mode_v1@4278190098)
[1094773.065] zwlr_output_mode_v1@4278190098.size(1024, 768)
[1094773.067] zwlr_output_mode_v1@4278190098.refresh(60004)
[1094773.069] zwlr_output_head_v1@4278190080.mode(new id zwlr_output_mode_v1@4278190099)
[1094773.080] zwlr_output_mode_v1@4278190099.size(800, 600)
[1094773.082] zwlr_output_mode_v1@4278190099.refresh(60317)
[1094773.083] zwlr_output_head_v1@4278190080.mode(new id zwlr_output_mode_v1@4278190100)
[1094773.085] zwlr_output_mode_v1@4278190100.size(800, 600)
[1094773.087] zwlr_output_mode_v1@4278190100.refresh(56250)
[1094773.088] zwlr_output_head_v1@4278190080.mode(new id zwlr_output_mode_v1@4278190101)
[1094773.090] zwlr_output_mode_v1@4278190101.size(640, 480)
[1094773.092] zwlr_output_mode_v1@4278190101.refresh(60000)
[1094773.093] zwlr_output_head_v1@4278190080.mode(new id zwlr_output_mode_v1@4278190102)
[1094773.095] zwlr_output_mode_v1@4278190102.size(640, 480)
[1094773.096] zwlr_output_mode_v1@4278190102.refresh(59940)
[1094773.098] zwlr_output_head_v1@4278190080.enabled(1)
[1094773.099] zwlr_output_head_v1@4278190080.current_mode(zwlr_output_mode_v1@4278190081)
[1094773.102] zwlr_output_head_v1@4278190080.position(2560, 0)
[1094773.104] zwlr_output_head_v1@4278190080.transform(0)
[1094773.106] zwlr_output_head_v1@4278190080.scale(1.00000000)
[1094773.108] zwlr_output_head_v1@4278190080.adaptive_sync(0)
[1094773.110] zwlr_output_manager_v1@4.done(11126)
reloading config
applying profile 'default'
[1194685.603]  -> zwlr_output_manager_v1@4.create_configuration(new id zwlr_output_configuration_v1@3, 11126)
applying profile output 'DP-2' on connected head 'DP-2'
[1194685.610]  -> zwlr_output_configuration_v1@3.enable_head(new id zwlr_output_configuration_head_v1@7, zwlr_output_head_v1@4278190080)
[1194685.614]  -> zwlr_output_configuration_head_v1@7.set_position(2560, 0)
[1194685.616]  -> zwlr_output_configuration_head_v1@7.set_scale(1.50000000)
applying profile output 'DP-1' on connected head 'DP-1'
[1194685.620]  -> zwlr_output_configuration_v1@3.enable_head(new id zwlr_output_configuration_head_v1@8, zwlr_output_head_v1@4278190103)
[1194685.623]  -> zwlr_output_configuration_head_v1@8.set_position(0, 0)
[1194685.625]  -> zwlr_output_configuration_head_v1@8.set_scale(1.50000000)
[1194685.627]  -> zwlr_output_configuration_v1@3.apply()
[1194733.964] wl_display@1.delete_id(8)
[1194733.978] wl_display@1.delete_id(7)
[1194733.981] zwlr_output_head_v1@4278190080.scale(1.50000000)
[1194733.984] zwlr_output_manager_v1@4.done(12373)
[1194733.990] zwlr_output_configuration_v1@3.succeeded()
[1194733.993]  -> zwlr_output_configuration_v1@3.destroy()
configuration for profile 'default' applied
